2026-03-20 07:19:16,202  root       run             INFO     

ELM327 OBD-II adapter emulator v3.0.5 started on Windows serial COM port "COM3".

2026-03-20 07:23:06,578  root       run             DEBUG    Received '\x7f\x7f'
2026-03-20 07:23:06,579  root       run             WARNING  Invalid request: '\x7f\x7f'
2026-03-20 07:23:11,575  root       run             DEBUG    Received '\x7f\x7f'
2026-03-20 07:23:11,576  root       run             WARNING  Invalid request: '\x7f\x7f'
2026-03-20 07:23:16,582  root       run             DEBUG    Received '\x7f\x7f'
2026-03-20 07:23:16,582  root       run             WARNING  Invalid request: '\x7f\x7f'
2026-03-20 07:23:21,587  root       run             DEBUG    Received '\x7f\x7f'
2026-03-20 07:23:21,641  root       run             WARNING  Invalid request: '\x7f\x7f'
2026-03-20 07:23:26,593  root       run             DEBUG    Received '\x7f\x7f'
2026-03-20 07:23:26,594  root       run             WARNING  Invalid request: '\x7f\x7f'
2026-03-20 07:23:31,603  root       run             DEBUG    Received '\x7f\x7f'
2026-03-20 07:23:31,603  root       run             WARNING  Invalid request: '\x7f\x7f'
2026-03-20 07:23:36,607  root       run             DEBUG    Received 'ATZ'
2026-03-20 07:23:36,607  root       handle_request  DEBUG    Handling: 'ATZ', header '7E0', ECU '7E0'
2026-03-20 07:23:36,607  root       handle_request  DEBUG    Instantiating ECU task "Default ECU Task module" for ECU "7E0"
2026-03-20 07:23:36,619  root       handle_request  DEBUG    Description: AT RESET, PID AT_RESET (ATZ)
2026-03-20 07:23:36,619  root       reset           DEBUG    Resetting counters and sleeping for 0.5 seconds
2026-03-20 07:23:37,120  root       <module>        DEBUG    Reset and sleep 0.5 seconds
2026-03-20 07:23:37,120  root       handle_response DEBUG    Processing: '<writeln>\r\rELM327 v1.5</writeln>'
2026-03-20 07:23:37,120  root       handle_response DEBUG    Write: '\r\rELM327 v1.5\r\r>'
2026-04-10 09:39:32,414  root       run             INFO     

ELM327 OBD-II adapter emulator v3.0.5 started at TCP/IP network port 35000.

2026-04-10 09:39:32,432  root       accept_connection DEBUG    Waiting for connection at TCP/IP network port 35000.
